'2022-09-23 18:25:38,707  --OTAsumian.py  --[line:46]  --INFO  -->>>>开始进行OTA压测>>>>')
'2022-09-23 18:25:38,708  --OTAsumian.py  --[line:47]  --INFO  --总测试次数：1')
'2022-09-23 18:25:43,576  --OTAsumian.py  --[line:57]  --INFO  --本次开始测试时间：2022-09-23 18:25:39.968540')
'2022-09-23 18:30:15,573  --OTAsumian.py  --[line:84]  --INFO  --第1次：升级成功////已连接')
'2022-09-23 18:30:15,574  --OTAsumian.py  --[line:96]  --INFO  --第1次结束')
'2022-09-23 18:30:15,574  --OTAsumian.py  --[line:98]  --INFO  --0:04:35.605564')
'2022-09-23 18:30:15,574  --OTAsumian.py  --[line:101]  --INFO  --1次OTA完成测试，请尽快查看数据')
'2022-09-26 15:35:00,651  --OTAsumian.py  --[line:46]  --INFO  -->>>>开始进行OTA压测>>>>')
'2022-09-26 15:35:00,652  --OTAsumian.py  --[line:47]  --INFO  --总测试次数：1')
'2022-09-26 15:35:05,685  --OTAsumian.py  --[line:57]  --INFO  --本次开始测试时间：2022-09-26 15:35:02.042091')
'2022-09-26 15:39:38,609  --OTAsumian.py  --[line:84]  --INFO  --第1次：升级成功////已连接')
'2022-09-26 15:39:38,610  --OTAsumian.py  --[line:96]  --INFO  --第1次结束')
'2022-09-26 15:39:38,610  --OTAsumian.py  --[line:98]  --INFO  --0:04:36.568666')
'2022-09-26 15:39:38,610  --OTAsumian.py  --[line:101]  --INFO  --1次OTA完成测试，请尽快查看数据')
'2022-10-13 10:50:08,065  --OTAsumian.py  --[line:46]  --INFO  -->>>>开始进行OTA压测>>>>')
'2022-10-13 10:50:08,077  --OTAsumian.py  --[line:47]  --INFO  --总测试次数：3')
'2022-10-13 10:50:12,842  --OTAsumian.py  --[line:57]  --INFO  --本次开始测试时间：2022-10-13 10:50:09.252782')
'2022-10-13 10:50:41,625  --OTAsumian.py  --[line:46]  --INFO  -->>>>开始进行OTA压测>>>>')
'2022-10-13 10:50:41,625  --OTAsumian.py  --[line:47]  --INFO  --总测试次数：3')
'2022-10-13 10:50:46,424  --OTAsumian.py  --[line:57]  --INFO  --本次开始测试时间：2022-10-13 10:50:42.796794')
'2022-10-13 12:29:07,623  --OTAsumian.py  --[line:46]  --INFO  -->>>>开始进行OTA压测>>>>')
'2022-10-13 12:29:07,623  --OTAsumian.py  --[line:47]  --INFO  --总测试次数：10')
'2022-10-13 12:29:12,560  --OTAsumian.py  --[line:57]  --INFO  --本次开始测试时间：2022-10-13 12:29:08.932739')
'2022-10-13 12:33:45,186  --OTAsumian.py  --[line:84]  --INFO  --第1次：升级成功////已连接')
'2022-10-13 12:33:45,186  --OTAsumian.py  --[line:96]  --INFO  --第1次结束')
'2022-10-13 12:33:45,187  --OTAsumian.py  --[line:98]  --INFO  --0:04:36.254148')
'2022-10-13 12:33:48,898  --OTAsumian.py  --[line:57]  --INFO  --本次开始测试时间：2022-10-13 12:33:45.187906')
'2022-10-13 12:38:21,791  --OTAsumian.py  --[line:84]  --INFO  --第2次：升级成功////已连接')
'2022-10-13 12:38:21,791  --OTAsumian.py  --[line:96]  --INFO  --第2次结束')
'2022-10-13 12:38:21,791  --OTAsumian.py  --[line:98]  --INFO  --0:04:36.603377')
'2022-10-13 12:38:25,524  --OTAsumian.py  --[line:57]  --INFO  --本次开始测试时间：2022-10-13 12:38:21.791283')
'2022-10-13 12:42:58,675  --OTAsumian.py  --[line:84]  --INFO  --第3次：升级成功////已连接')
'2022-10-13 12:42:58,676  --OTAsumian.py  --[line:96]  --INFO  --第3次结束')
'2022-10-13 12:42:58,676  --OTAsumian.py  --[line:98]  --INFO  --0:04:36.885387')
'2022-10-13 12:43:02,472  --OTAsumian.py  --[line:57]  --INFO  --本次开始测试时间：2022-10-13 12:42:58.676670')
'2022-10-13 15:23:11,833  --OTAsumian.py  --[line:46]  --INFO  -->>>>开始进行OTA压测>>>>')
'2022-10-13 15:23:11,834  --OTAsumian.py  --[line:47]  --INFO  --总测试次数：2')
'2022-10-13 15:23:16,794  --OTAsumian.py  --[line:57]  --INFO  --本次开始测试时间：2022-10-13 15:23:13.134783')
'2022-10-13 15:23:41,677  --OTAsumian.py  --[line:97]  --INFO  --第1次：连接失败////连接中')
'2022-10-13 15:23:41,677  --OTAsumian.py  --[line:100]  --INFO  --第1次结束')
'2022-10-13 15:23:41,677  --OTAsumian.py  --[line:102]  --INFO  --0:00:28.543069')
'2022-10-13 15:23:45,365  --OTAsumian.py  --[line:57]  --INFO  --本次开始测试时间：2022-10-13 15:23:41.678853')
'2022-10-13 15:28:14,636  --OTAsumian.py  --[line:77]  --INFO  --升级成功')
'2022-10-13 15:28:15,276  --OTAsumian.py  --[line:79]  --INFO  --返回设置界面')
'2022-10-13 15:28:15,772  --OTAsumian.py  --[line:81]  --INFO  --返回首页')
'2022-10-13 15:28:18,073  --OTAsumian.py  --[line:85]  --INFO  --开始获取连接状态信息')
'2022-10-13 15:28:18,073  --OTAsumian.py  --[line:88]  --INFO  --第2次：升级成功////已连接')
'2022-10-13 15:28:18,073  --OTAsumian.py  --[line:100]  --INFO  --第2次结束')
'2022-10-13 15:28:18,073  --OTAsumian.py  --[line:102]  --INFO  --0:04:36.394197')
'2022-10-13 15:28:18,073  --OTAsumian.py  --[line:105]  --INFO  --2次OTA完成测试，请尽快查看数据')
'2022-10-13 15:29:15,895  --OTAsumian.py  --[line:46]  --INFO  -->>>>开始进行OTA压测>>>>')
'2022-10-13 15:29:15,896  --OTAsumian.py  --[line:47]  --INFO  --总测试次数：1')
'2022-10-13 15:29:20,847  --OTAsumian.py  --[line:57]  --INFO  --本次开始测试时间：2022-10-13 15:29:17.238153')
'2022-10-13 15:33:50,107  --OTAsumian.py  --[line:77]  --INFO  --升级成功')
'2022-10-13 15:33:50,936  --OTAsumian.py  --[line:79]  --INFO  --返回设置界面')
'2022-10-13 15:33:51,507  --OTAsumian.py  --[line:81]  --INFO  --返回首页')
'2022-10-13 15:33:53,798  --OTAsumian.py  --[line:85]  --INFO  --开始获取连接状态信息')
'2022-10-13 15:33:53,798  --OTAsumian.py  --[line:88]  --INFO  --第1次：升级成功////已连接')
'2022-10-13 15:33:53,798  --OTAsumian.py  --[line:101]  --INFO  --第1次结束')
'2022-10-13 15:33:53,798  --OTAsumian.py  --[line:103]  --INFO  --0:04:36.559880')
'2022-10-13 15:33:53,798  --OTAsumian.py  --[line:106]  --INFO  --1次OTA完成测试，请尽快查看数据')
'2022-10-13 15:34:50,864  --OTAsumian.py  --[line:46]  --INFO  -->>>>开始进行OTA压测>>>>')
'2022-10-13 15:34:50,864  --OTAsumian.py  --[line:47]  --INFO  --总测试次数：1')
'2022-10-13 15:34:55,781  --OTAsumian.py  --[line:57]  --INFO  --本次开始测试时间：2022-10-13 15:34:52.163861')
'2022-10-13 15:35:52,992  --OTAsumian.py  --[line:46]  --INFO  -->>>>开始进行OTA压测>>>>')
'2022-10-13 15:35:52,993  --OTAsumian.py  --[line:47]  --INFO  --总测试次数：1')
'2022-10-13 15:35:57,922  --OTAsumian.py  --[line:57]  --INFO  --本次开始测试时间：2022-10-13 15:35:54.292539')
'2022-10-13 15:36:19,569  --OTAsumian.py  --[line:95]  --INFO  --哎呀，怎么连接失败了呢，升级不了啦。。。')
'2022-10-13 15:36:22,839  --OTAsumian.py  --[line:98]  --INFO  --第1次：连接失败////连接中')
'2022-10-13 15:36:22,840  --OTAsumian.py  --[line:101]  --INFO  --第1次结束')
'2022-10-13 15:36:22,840  --OTAsumian.py  --[line:103]  --INFO  --0:00:28.547768')
'2022-10-13 15:36:22,840  --OTAsumian.py  --[line:106]  --INFO  --1次OTA完成测试，请尽快查看数据')
'2022-10-13 15:37:38,586  --OTAsumian.py  --[line:46]  --INFO  -->>>>开始进行OTA压测>>>>')
'2022-10-13 15:37:38,586  --OTAsumian.py  --[line:47]  --INFO  --总测试次数：20')
'2022-10-13 15:37:43,524  --OTAsumian.py  --[line:57]  --INFO  --本次开始测试时间：2022-10-13 15:37:39.900296')
'2022-10-13 15:42:12,755  --OTAsumian.py  --[line:77]  --INFO  --升级成功')
'2022-10-13 15:42:13,590  --OTAsumian.py  --[line:79]  --INFO  --返回设置界面')
'2022-10-13 15:42:14,165  --OTAsumian.py  --[line:81]  --INFO  --返回首页')
'2022-10-13 15:42:16,445  --OTAsumian.py  --[line:85]  --INFO  --开始获取连接状态信息')
'2022-10-13 15:42:16,445  --OTAsumian.py  --[line:88]  --INFO  --第1次：升级成功////已连接')
'2022-10-13 15:42:16,445  --OTAsumian.py  --[line:101]  --INFO  --第1次结束')
'2022-10-13 15:42:16,446  --OTAsumian.py  --[line:103]  --INFO  --0:04:36.546266')
'2022-10-13 15:42:20,217  --OTAsumian.py  --[line:57]  --INFO  --本次开始测试时间：2022-10-13 15:42:16.446562')
'2022-10-13 15:46:49,461  --OTAsumian.py  --[line:77]  --INFO  --升级成功')
'2022-10-13 15:46:50,300  --OTAsumian.py  --[line:79]  --INFO  --返回设置界面')
